#! /usr/local/bin/vvp
:ivl_version "11.0 (stable)" "(v11_0-132-gb2f2414f4)";
:ivl_delay_selection "TYPICAL";
:vpi_time_precision - 12;
:vpi_module "/usr/local/lib/ivl/system.vpi";
:vpi_module "/usr/local/lib/ivl/vhdl_sys.vpi";
:vpi_module "/usr/local/lib/ivl/vhdl_textio.vpi";
:vpi_module "/usr/local/lib/ivl/v2005_math.vpi";
:vpi_module "/usr/local/lib/ivl/va_math.vpi";
S_0x558160480e10 .scope module, "testbench" "testbench" 2 37;
 .timescale -9 -12;
v0x5581604a9a30_0 .var "A", 31 0;
v0x5581604a9af0_0 .net "B", 31 0, L_0x5581604a9da0;  1 drivers
S_0x55816047bfc0 .scope module, "uut" "sort" 2 46, 2 2 0, S_0x558160480e10;
 .timescale 0 0;
    .port_info 0 /INPUT 32 "A";
    .port_info 1 /OUTPUT 32 "B";
v0x558160493830_0 .net "A", 31 0, v0x5581604a9a30_0;  1 drivers
v0x5581604a9330_0 .net "B", 31 0, L_0x5581604a9da0;  alias, 1 drivers
v0x5581604a9410 .array "I", 0 7, 31 0;
v0x5581604a9600_0 .net *"_ivl_8", 255 0, L_0x5581604a9b90;  1 drivers
v0x5581604a96e0_0 .var/i "i", 31 0;
v0x5581604a9810_0 .var/i "j", 31 0;
v0x5581604a98f0_0 .var "temp", 31 0;
v0x5581604a9410_0 .array/port v0x5581604a9410, 0;
v0x5581604a9410_1 .array/port v0x5581604a9410, 1;
v0x5581604a9410_2 .array/port v0x5581604a9410, 2;
E_0x55816048dd70/0 .event edge, v0x558160493830_0, v0x5581604a9410_0, v0x5581604a9410_1, v0x5581604a9410_2;
v0x5581604a9410_3 .array/port v0x5581604a9410, 3;
v0x5581604a9410_4 .array/port v0x5581604a9410, 4;
v0x5581604a9410_5 .array/port v0x5581604a9410, 5;
v0x5581604a9410_6 .array/port v0x5581604a9410, 6;
E_0x55816048dd70/1 .event edge, v0x5581604a9410_3, v0x5581604a9410_4, v0x5581604a9410_5, v0x5581604a9410_6;
v0x5581604a9410_7 .array/port v0x5581604a9410, 7;
E_0x55816048dd70/2 .event edge, v0x5581604a9410_7, v0x5581604a98f0_0;
E_0x55816048dd70 .event/or E_0x55816048dd70/0, E_0x55816048dd70/1, E_0x55816048dd70/2;
LS_0x5581604a9b90_0_0 .concat [ 32 32 32 32], v0x5581604a9410_7, v0x5581604a9410_6, v0x5581604a9410_5, v0x5581604a9410_4;
LS_0x5581604a9b90_0_4 .concat [ 32 32 32 32], v0x5581604a9410_3, v0x5581604a9410_2, v0x5581604a9410_1, v0x5581604a9410_0;
L_0x5581604a9b90 .concat [ 128 128 0 0], LS_0x5581604a9b90_0_0, LS_0x5581604a9b90_0_4;
L_0x5581604a9da0 .part L_0x5581604a9b90, 0, 32;
    .scope S_0x55816047bfc0;
T_0 ;
    %wait E_0x55816048dd70;
    %load/vec4 v0x558160493830_0;
    %parti/s 4, 28, 6;
    %pad/u 32;
    %ix/load 3, 0, 0;
    %flag_set/imm 4, 0;
    %ix/load 4, 0, 0; Constant delay
    %assign/vec4/a/d v0x5581604a9410, 0, 4;
    %load/vec4 v0x558160493830_0;
    %parti/s 4, 24, 6;
    %pad/u 32;
    %ix/load 3, 1, 0;
    %flag_set/imm 4, 0;
    %ix/load 4, 0, 0; Constant delay
    %assign/vec4/a/d v0x5581604a9410, 0, 4;
    %load/vec4 v0x558160493830_0;
    %parti/s 4, 20, 6;
    %pad/u 32;
    %ix/load 3, 2, 0;
    %flag_set/imm 4, 0;
    %ix/load 4, 0, 0; Constant delay
    %assign/vec4/a/d v0x5581604a9410, 0, 4;
    %load/vec4 v0x558160493830_0;
    %parti/s 4, 16, 6;
    %pad/u 32;
    %ix/load 3, 3, 0;
    %flag_set/imm 4, 0;
    %ix/load 4, 0, 0; Constant delay
    %assign/vec4/a/d v0x5581604a9410, 0, 4;
    %load/vec4 v0x558160493830_0;
    %parti/s 4, 12, 5;
    %pad/u 32;
    %ix/load 3, 4, 0;
    %flag_set/imm 4, 0;
    %ix/load 4, 0, 0; Constant delay
    %assign/vec4/a/d v0x5581604a9410, 0, 4;
    %load/vec4 v0x558160493830_0;
    %parti/s 4, 8, 5;
    %pad/u 32;
    %ix/load 3, 5, 0;
    %flag_set/imm 4, 0;
    %ix/load 4, 0, 0; Constant delay
    %assign/vec4/a/d v0x5581604a9410, 0, 4;
    %load/vec4 v0x558160493830_0;
    %parti/s 4, 4, 4;
    %pad/u 32;
    %ix/load 3, 6, 0;
    %flag_set/imm 4, 0;
    %ix/load 4, 0, 0; Constant delay
    %assign/vec4/a/d v0x5581604a9410, 0, 4;
    %load/vec4 v0x558160493830_0;
    %parti/s 4, 0, 2;
    %pad/u 32;
    %ix/load 3, 7, 0;
    %flag_set/imm 4, 0;
    %ix/load 4, 0, 0; Constant delay
    %assign/vec4/a/d v0x5581604a9410, 0, 4;
    %pushi/vec4 0, 0, 32;
    %store/vec4 v0x5581604a96e0_0, 0, 32;
T_0.0 ;
    %load/vec4 v0x5581604a96e0_0;
    %cmpi/s 8, 0, 32;
    %jmp/0xz T_0.1, 5;
    %pushi/vec4 0, 0, 32;
    %store/vec4 v0x5581604a9810_0, 0, 32;
T_0.2 ;
    %load/vec4 v0x5581604a9810_0;
    %pushi/vec4 8, 0, 32;
    %load/vec4 v0x5581604a96e0_0;
    %sub;
    %cmp/s;
    %jmp/0xz T_0.3, 5;
    %ix/getv/s 4, v0x5581604a9810_0;
    %load/vec4a v0x5581604a9410, 4;
    %ix/getv/s 4, v0x5581604a96e0_0;
    %load/vec4a v0x5581604a9410, 4;
    %cmp/u;
    %jmp/0xz  T_0.4, 5;
    %ix/getv/s 4, v0x5581604a96e0_0;
    %load/vec4a v0x5581604a9410, 4;
    %store/vec4 v0x5581604a98f0_0, 0, 32;
    %ix/getv/s 4, v0x5581604a9810_0;
    %load/vec4a v0x5581604a9410, 4;
    %ix/getv/s 4, v0x5581604a96e0_0;
    %store/vec4a v0x5581604a9410, 4, 0;
    %load/vec4 v0x5581604a98f0_0;
    %ix/getv/s 4, v0x5581604a9810_0;
    %store/vec4a v0x5581604a9410, 4, 0;
T_0.4 ;
    %load/vec4 v0x5581604a9810_0;
    %addi 1, 0, 32;
    %store/vec4 v0x5581604a9810_0, 0, 32;
    %jmp T_0.2;
T_0.3 ;
    %load/vec4 v0x5581604a96e0_0;
    %addi 1, 0, 32;
    %store/vec4 v0x5581604a96e0_0, 0, 32;
    %jmp T_0.0;
T_0.1 ;
    %jmp T_0;
    .thread T_0, $push;
    .scope S_0x558160480e10;
T_1 ;
    %vpi_call 2 55 "$dumpfile", "./sort_tb.vcd" {0 0 0};
    %vpi_call 2 57 "$dumpvars", 32'sb00000000000000000000000000000000, S_0x55816047bfc0 {0 0 0};
    %delay 100000, 0;
    %pushi/vec4 2309737455, 0, 32;
    %store/vec4 v0x5581604a9a30_0, 0, 32;
    %delay 100000, 0;
    %vpi_call 2 62 "$display", "Output B: %b", v0x5581604a9af0_0 {0 0 0};
    %vpi_call 2 63 "$finish" {0 0 0};
    %end;
    .thread T_1;
# The file index is used to find the file name in the following table.
:file_names 3;
    "N/A";
    "<interactive>";
    "Lab1.v";
